16:50:30 === Fav 5 new locations ===
16:50:32 [OK] Connected
16:50:32 [OK] Logged in
16:50:38 [1/5] 铛牛佬凉拌牛杂
16:50:51   [OK] Fav result
16:50:52 [2/5] 五姐螺蛳粉
16:51:03   [OK] Fav result
16:51:04 [3/5] 民高螺蛳粉
16:51:13   [OK] Fav result
16:51:14 [4/5] 眼镜烧烤
16:51:23   [OK] Fav result
16:51:24 [5/5] 羊角山鲜奶
16:51:33   [OK] Fav result
16:51:34 
=== RESULTS: 5 new + 0 existed + 0 failed / 5 ===
16:51:34   铛牛佬凉拌牛杂 -> ok
16:51:34   五姐螺蛳粉 -> ok
16:51:34   民高螺蛳粉 -> ok
16:51:34   眼镜烧烤 -> ok
16:51:34   羊角山鲜奶 -> ok
